<?xml version="1.0" encoding="UTF-8"?>
<testng-results skipped="0" failed="1" total="1" passed="0">
  <reporter-output>
    <line>
      <![CDATA[<pre>
testRoot: C:\git\development\phr-portal-automation
testConfigFile: null
testResultVideos: C:\git\development\phr-portal-automation\target\failsafe-reports\videos
testResultScreenshots: C:\git\development\phr-portal-automation\target\failsafe-reports\screenshots
selenium.browser: firefox
client os.type: windows
clear.browser.cache: true
enable.video.recording: true
capture.screenshot: true
reporting.full.stack.trace: false
isJavascriptCaptureEnabled: false
isProxyEnabled: false
logger.level: null
firefox.profile: null
firefox.assumeUntrustedCertificateIssuer: true (default = false)
firefox.acceptUntrustedCertificates: true (default = true)
firefox.isenableNativeEventEnabled: false
firefox.downloadable.mime.types: application/excel,application/x-excel,application/x-msexcel,application/vnd.ms-excel,text/comma-separated-values,application/csv,image/jpeg,text/csv,application/x-ofx,application/vnd.intu.qfx,application/vnd.intu.qbo
firefox.download.location: C:\git\development\phr-portal-automation\target\firefox-download
</pre><br/>]]>
    </line>
    <line>
      <![CDATA[Test Case: testCCDImportThroughEHDC<br/>]]>
    </line>
    <line>
      <![CDATA[Execution Environment: DEMO<br/>]]>
    </line>
    <line>
      <![CDATA[Execution Browser: firefox<br/>]]>
    </line>
    <line>
      <![CDATA[step 2: Get Data from Excel<br/>]]>
    </line>
    <line>
      <![CDATA[URL: https://phr.demo.medfusion.net/phr/login/<br/>]]>
    </line>
    <line>
      <![CDATA[USER NAME: ihgqa.demo+ccdUser@gmail.com<br/>]]>
    </line>
    <line>
      <![CDATA[Password: intuit123<br/>]]>
    </line>
    <line>
      <![CDATA[step 3:LogIn<br/>]]>
    </line>
    <line>
      <![CDATA[baseURL: https://phr.demo.medfusion.net/phr/login/<br/>]]>
    </line>
    <line>
      <![CDATA[URL: https://phr.demo.medfusion.net/phr/login/<br/>]]>
    </line>
    <line>
      <![CDATA[Waiting for the Login Name element, max wait time is 60 seconds<br/>]]>
    </line>
    <line>
      <![CDATA[LOGIN: [ihgqa.demo+ccdUser@gmail.com]<br/>]]>
    </line>
    <line>
      <![CDATA[PASSWORD: [intuit123]<br/>]]>
    </line>
    <line>
      <![CDATA[step 4:Post CONSOLIDATED_CCD request<br/>]]>
    </line>
    <line>
      <![CDATA[Before setting the allscript adapter url#####<br/>]]>
    </line>
    <line>
      <![CDATA[Before setting the content type#####<br/>]]>
    </line>
    <line>
      <![CDATA[Before setting Expected codee#####<br/>]]>
    </line>
    <line>
      <![CDATA[Add headers #####<br/>]]>
    </line>
    <line>
      <![CDATA[send consolidated CCD #####<br/>]]>
    </line>
    <line>
      <![CDATA[sleep(10000) :- Need time to let system process CCD #####<br/>]]>
    </line>
    <line>
      <![CDATA[step :Wait for page to be loaded completely<br/>]]>
    </line>
    <line>
      <![CDATA[Waiting for the element btnProfile, max wait time is 60 seconds<br/>]]>
    </line>
    <line>
      <![CDATA[Expected value: true Actual value: true - PASSED <br/>]]>
    </line>
    <line>
      <![CDATA[step 5:Click on Document link<br/>]]>
    </line>
    <line>
      <![CDATA[step 6:Refresh Document page before checking the Table list <br/>]]>
    </line>
    <line>
      <![CDATA[step 7:Get first date from table list <br/>]]>
    </line>
    <line>
      <![CDATA[getFirstDate>>February 4, 2015getPSTTiming>>4 February 2015<br/>]]>
    </line>
  </reporter-output>
  <suite name="Default suite" duration-ms="84253" started-at="2015-02-04T13:55:59Z" finished-at="2015-02-04T13:57:23Z">
    <groups>
      <group name="AcceptanceTests">
        <method signature="PhrAcceptanceTests.testCCDImportThroughEHDC()[pri:0, instance:com.intuit.ihg.product.phr.test.PhrAcceptanceTests@7e0b0338]" name="testCCDImportThroughEHDC" class="com.intuit.ihg.product.phr.test.PhrAcceptanceTests"/>
      </group> <!-- AcceptanceTests -->
    </groups>
    <test name="Default test" duration-ms="84253" started-at="2015-02-04T13:55:59Z" finished-at="2015-02-04T13:57:23Z">
      <class name="com.intuit.ihg.product.phr.test.PhrAcceptanceTests">
        <test-method status="PASS" signature="beforeSuite()[pri:0, instance:com.intuit.ihg.product.phr.test.PhrAcceptanceTests@7e0b0338]" name="beforeSuite" is-config="true" duration-ms="167" started-at="2015-02-04T14:55:59Z" finished-at="2015-02-04T14:55:59Z">
          <reporter-output>
            <line>
              <![CDATA[<pre>
testRoot: C:\git\development\phr-portal-automation
testConfigFile: null
testResultVideos: C:\git\development\phr-portal-automation\target\failsafe-reports\videos
testResultScreenshots: C:\git\development\phr-portal-automation\target\failsafe-reports\screenshots
selenium.browser: firefox
client os.type: windows
clear.browser.cache: true
enable.video.recording: true
capture.screenshot: true
reporting.full.stack.trace: false
isJavascriptCaptureEnabled: false
isProxyEnabled: false
logger.level: null
firefox.profile: null
firefox.assumeUntrustedCertificateIssuer: true (default = false)
firefox.acceptUntrustedCertificates: true (default = true)
firefox.isenableNativeEventEnabled: false
firefox.downloadable.mime.types: application/excel,application/x-excel,application/x-msexcel,application/vnd.ms-excel,text/comma-separated-values,application/csv,image/jpeg,text/csv,application/x-ofx,application/vnd.intu.qfx,application/vnd.intu.qbo
firefox.download.location: C:\git\development\phr-portal-automation\target\firefox-download
</pre><br/>]]>
            </line>
          </reporter-output>
        </test-method> <!-- beforeSuite -->
        <test-method status="PASS" signature="setUp()[pri:0, instance:com.intuit.ihg.product.phr.test.PhrAcceptanceTests@7e0b0338]" name="setUp" is-config="true" duration-ms="2" started-at="2015-02-04T14:55:59Z" finished-at="2015-02-04T14:55:59Z">
          <reporter-output>
          </reporter-output>
        </test-method> <!-- setUp -->
        <test-method status="PASS" signature="testSetup()[pri:0, instance:com.intuit.ihg.product.phr.test.PhrAcceptanceTests@7e0b0338]" name="testSetup" is-config="true" duration-ms="6961" started-at="2015-02-04T14:55:59Z" finished-at="2015-02-04T14:56:06Z">
          <reporter-output>
          </reporter-output>
        </test-method> <!-- testSetup -->
        <test-method status="FAIL" signature="testCCDImportThroughEHDC()[pri:0, instance:com.intuit.ihg.product.phr.test.PhrAcceptanceTests@7e0b0338]" name="testCCDImportThroughEHDC" duration-ms="69060" started-at="2015-02-04T14:56:06Z" finished-at="2015-02-04T14:57:15Z">
          <exception class="java.lang.AssertionError">
            <message>
              <![CDATA[### Can't find record with todays date expected [February 4, 2015] but found [4 February 2015]]]>
            </message>
            <full-stacktrace>
              <![CDATA[java.lang.AssertionError: ### Can't find record with todays date expected [February 4, 2015] but found [4 February 2015]
	at org.testng.Assert.fail(Assert.java:94)
	at org.testng.Assert.failNotEquals(Assert.java:494)
	at org.testng.Assert.assertEquals(Assert.java:123)
	at org.testng.Assert.assertEquals(Assert.java:176)
	at com.intuit.ihg.product.phr.test.PhrAcceptanceTests.testCCDImportThroughEHDC(PhrAcceptanceTests.java:439)
	at sun.reflect.NativeMethodAccessorImpl.invoke0(Native Method)
	at sun.reflect.NativeMethodAccessorImpl.invoke(Unknown Source)
	at sun.reflect.DelegatingMethodAccessorImpl.invoke(Unknown Source)
	at java.lang.reflect.Method.invoke(Unknown Source)
	at org.testng.internal.MethodInvocationHelper.invokeMethod(MethodInvocationHelper.java:84)
	at org.testng.internal.Invoker.invokeMethod(Invoker.java:714)
	at org.testng.internal.Invoker.invokeTestMethod(Invoker.java:901)
	at org.testng.internal.Invoker.invokeTestMethods(Invoker.java:1231)
	at org.testng.internal.TestMethodWorker.invokeTestMethods(TestMethodWorker.java:127)
	at org.testng.internal.TestMethodWorker.run(TestMethodWorker.java:111)
	at org.testng.TestRunner.privateRun(TestRunner.java:767)
	at org.testng.TestRunner.run(TestRunner.java:617)
	at org.testng.SuiteRunner.runTest(SuiteRunner.java:334)
	at org.testng.SuiteRunner.runSequentially(SuiteRunner.java:329)
	at org.testng.SuiteRunner.privateRun(SuiteRunner.java:291)
	at org.testng.SuiteRunner.run(SuiteRunner.java:240)
	at org.testng.SuiteRunnerWorker.runSuite(SuiteRunnerWorker.java:52)
	at org.testng.SuiteRunnerWorker.run(SuiteRunnerWorker.java:86)
	at org.testng.TestNG.runSuitesSequentially(TestNG.java:1224)
	at org.testng.TestNG.runSuitesLocally(TestNG.java:1149)
	at org.testng.TestNG.run(TestNG.java:1057)
	at org.testng.remote.RemoteTestNG.run(RemoteTestNG.java:111)
	at org.testng.remote.RemoteTestNG.initAndRun(RemoteTestNG.java:204)
	at org.testng.remote.RemoteTestNG.main(RemoteTestNG.java:175)
]]>
            </full-stacktrace>
          </exception> <!-- java.lang.AssertionError -->
          <reporter-output>
            <line>
              <![CDATA[Test Case: testCCDImportThroughEHDC<br/>]]>
            </line>
            <line>
              <![CDATA[Execution Environment: DEMO<br/>]]>
            </line>
            <line>
              <![CDATA[Execution Browser: firefox<br/>]]>
            </line>
            <line>
              <![CDATA[step 2: Get Data from Excel<br/>]]>
            </line>
            <line>
              <![CDATA[URL: https://phr.demo.medfusion.net/phr/login/<br/>]]>
            </line>
            <line>
              <![CDATA[USER NAME: ihgqa.demo+ccdUser@gmail.com<br/>]]>
            </line>
            <line>
              <![CDATA[Password: intuit123<br/>]]>
            </line>
            <line>
              <![CDATA[step 3:LogIn<br/>]]>
            </line>
            <line>
              <![CDATA[baseURL: https://phr.demo.medfusion.net/phr/login/<br/>]]>
            </line>
            <line>
              <![CDATA[URL: https://phr.demo.medfusion.net/phr/login/<br/>]]>
            </line>
            <line>
              <![CDATA[Waiting for the Login Name element, max wait time is 60 seconds<br/>]]>
            </line>
            <line>
              <![CDATA[LOGIN: [ihgqa.demo+ccdUser@gmail.com]<br/>]]>
            </line>
            <line>
              <![CDATA[PASSWORD: [intuit123]<br/>]]>
            </line>
            <line>
              <![CDATA[step 4:Post CONSOLIDATED_CCD request<br/>]]>
            </line>
            <line>
              <![CDATA[Before setting the allscript adapter url#####<br/>]]>
            </line>
            <line>
              <![CDATA[Before setting the content type#####<br/>]]>
            </line>
            <line>
              <![CDATA[Before setting Expected codee#####<br/>]]>
            </line>
            <line>
              <![CDATA[Add headers #####<br/>]]>
            </line>
            <line>
              <![CDATA[send consolidated CCD #####<br/>]]>
            </line>
            <line>
              <![CDATA[sleep(10000) :- Need time to let system process CCD #####<br/>]]>
            </line>
            <line>
              <![CDATA[step :Wait for page to be loaded completely<br/>]]>
            </line>
            <line>
              <![CDATA[Waiting for the element btnProfile, max wait time is 60 seconds<br/>]]>
            </line>
            <line>
              <![CDATA[Expected value: true Actual value: true - PASSED <br/>]]>
            </line>
            <line>
              <![CDATA[step 5:Click on Document link<br/>]]>
            </line>
            <line>
              <![CDATA[step 6:Refresh Document page before checking the Table list <br/>]]>
            </line>
            <line>
              <![CDATA[step 7:Get first date from table list <br/>]]>
            </line>
            <line>
              <![CDATA[getFirstDate>>February 4, 2015getPSTTiming>>4 February 2015<br/>]]>
            </line>
          </reporter-output>
        </test-method> <!-- testCCDImportThroughEHDC -->
        <test-method status="PASS" signature="logTestStatus(org.testng.ITestResult)[pri:0, instance:com.intuit.ihg.product.phr.test.PhrAcceptanceTests@7e0b0338]" name="logTestStatus" is-config="true" duration-ms="2" started-at="2015-02-04T14:57:15Z" finished-at="2015-02-04T14:57:15Z">
          <params>
            <param index="0">
              <value>
                <![CDATA[[TestResult name=testCCDImportThroughEHDC status=FAILURE method=PhrAcceptanceTests.testCCDImportThroughEHDC()[pri:0, instance:com.intuit.ihg.product.phr.test.PhrAcceptanceTests@7e0b0338] output=Test Case: testCCDImportThroughEHDC<br/>]]]>
              </value>
            </param>
          </params>
          <reporter-output>
          </reporter-output>
        </test-method> <!-- logTestStatus -->
        <test-method status="PASS" signature="postTestCase(org.testng.ITestResult)[pri:0, instance:com.intuit.ihg.product.phr.test.PhrAcceptanceTests@7e0b0338]" name="postTestCase" is-config="true" duration-ms="8212" started-at="2015-02-04T14:57:15Z" finished-at="2015-02-04T14:57:23Z">
          <params>
            <param index="0">
              <value>
                <![CDATA[[TestResult name=testCCDImportThroughEHDC status=FAILURE method=PhrAcceptanceTests.testCCDImportThroughEHDC()[pri:0, instance:com.intuit.ihg.product.phr.test.PhrAcceptanceTests@7e0b0338] output=Test Case: testCCDImportThroughEHDC<br/>]]]>
              </value>
            </param>
          </params>
          <reporter-output>
          </reporter-output>
        </test-method> <!-- postTestCase -->
        <test-method status="PASS" signature="tearDown()[pri:0, instance:com.intuit.ihg.product.phr.test.PhrAcceptanceTests@7e0b0338]" name="tearDown" is-config="true" duration-ms="0" started-at="2015-02-04T14:57:23Z" finished-at="2015-02-04T14:57:23Z">
          <reporter-output>
          </reporter-output>
        </test-method> <!-- tearDown -->
      </class> <!-- com.intuit.ihg.product.phr.test.PhrAcceptanceTests -->
    </test> <!-- Default test -->
  </suite> <!-- Default suite -->
</testng-results>
